<?xml version="1.0" encoding="UTF-8"?>
<!-- Generated by org.testng.reporters.JUnitReportReporter -->
<testsuite hostname="DESKTOP-QVM6J4J" failures="0" tests="1" name="com.Test.VerifyLoginTest" time="5.068" errors="0" timestamp="2024-01-11T09:21:36 IST" skipped="0">
  <testcase classname="com.Test.VerifyLoginTest" name="verify_TC001" time="5.068"/>
  <system-out/>
</testsuite> <!-- com.Test.VerifyLoginTest -->
