<?xml version="1.0" encoding="UTF-8"?>
<!-- Generated by org.testng.reporters.JUnitReportReporter -->
<testsuite hostname="DESKTOP-QVM6J4J" failures="0" tests="1" name="com.Test.VerifyLoginTest" time="7.274" errors="0" timestamp="2024-01-09T09:16:03 IST" skipped="0">
  <testcase classname="com.Test.VerifyLoginTest" name="verify_TC001" time="7.274"/>
  <system-out/>
</testsuite> <!-- com.Test.VerifyLoginTest -->
