<?xml version="1.0" encoding="UTF-8"?>
<!-- Generated by org.testng.reporters.JUnitReportReporter -->
<testsuite hostname="DESKTOP-QVM6J4J" failures="0" tests="2" name="com.Test.VerifyLoginTest" time="15.635" errors="0" timestamp="2024-01-10T09:26:23 IST" skipped="0">
  <testcase classname="com.Test.VerifyLoginTest" name="verify_TC001" time="8.335"/>
  <system-out/>
  <testcase classname="com.Test.VerifyLoginTest" name="verify_TC001" time="7.300"/>
  <system-out/>
</testsuite> <!-- com.Test.VerifyLoginTest -->
