<?xml version="1.0" encoding="UTF-8"?>
<!-- Generated by org.testng.reporters.JUnitReportReporter -->
<testsuite hostname="DESKTOP-QVM6J4J" failures="0" tests="1" name="com.Test.VerifyHomepageTest" time="3.733" errors="0" timestamp="2024-01-11T09:21:36 IST" skipped="0">
  <testcase classname="com.Test.VerifyHomepageTest" name="veriftTC_002" time="3.733"/>
  <system-out/>
</testsuite> <!-- com.Test.VerifyHomepageTest -->
