<?xml version="1.0" encoding="UTF-8"?>
<!-- Generated by org.testng.reporters.JUnitReportReporter -->
<testsuite hostname="DESKTOP-QVM6J4J" failures="0" tests="1" name="com.Test.VerifyHomepageTest" time="4.582" errors="0" timestamp="2024-01-09T09:16:03 IST" skipped="0">
  <testcase classname="com.Test.VerifyHomepageTest" name="veriftTC_002" time="4.582"/>
  <system-out/>
</testsuite> <!-- com.Test.VerifyHomepageTest -->
